Unity Editor version:    2020.3.22f1 (e1a7f79fd887)
Branch:                  2020.3/staging
Build type:              Release
Batch mode:              YES
macOS version:           Version 11.4 (Build 20F71)
Darwin version:          20.5.0
Architecture:            x86_64
Running under Rosetta:   YES
Available memory:        16384 MB
Using pre-set license
Pro License: NO

COMMAND LINE ARGUMENTS:
/Applications/Unity/Unity.app/Contents/MacOS/Unity
-adb2
-batchMode
-noUpm
-name
AssetImportWorker0
-projectPath
/Users/avik/Desktop/Game Audio/WORK/2021 03 bobaBlast/HGJ---BobaBlast
-logFile
Logs/AssetImportWorker0.log
-srvPort
65215
Successfully changed project path to: /Users/avik/Desktop/Game Audio/WORK/2021 03 bobaBlast/HGJ---BobaBlast
/Users/avik/Desktop/Game Audio/WORK/2021 03 bobaBlast/HGJ---BobaBlast
Using Asset Import Pipeline V2.
Refreshing native plugins compatible for Editor in 81.84 ms, found 5 plugins.
Preloading 0 native plugins for Editor in 0.00 ms.
Initialize engine version: 2020.3.22f1 (e1a7f79fd887)
[Subsystems] Discovering subsystems at path /Applications/Unity/Unity.app/Contents/Resources/UnitySubsystems
[Subsystems] Discovering subsystems at path /Users/avik/Desktop/Game Audio/WORK/2021 03 bobaBlast/HGJ---BobaBlast/Assets
GfxDevice: creating device client; threaded=0
2021-11-21 19:50:34.781 Unity[81013:6134771] (null) preferred device: Apple M1 (high power)
2021-11-21 19:50:34.781 Unity[81013:6134771] Metal devices available: 1
2021-11-21 19:50:34.781 Unity[81013:6134771] 0: Apple M1 (high power)
2021-11-21 19:50:34.781 Unity[81013:6134771] Using device Apple M1 (high power)
Initializing Metal device caps: Apple M1
Shader 'MoreMountains/MMRipple': fallback shader 'Particle/AlphaBlended' not found
Initialize mono
Mono path[0] = '/Applications/Unity/Unity.app/Contents/Managed'
Mono path[1] = '/Applications/Unity/Unity.app/Contents/MonoBleedingEdge/lib/mono/unityjit'
Mono config path = '/Applications/Unity/Unity.app/Contents/MonoBleedingEdge/etc'
Using monoOptions --debugger-agent=transport=dt_socket,embedding=1,server=y,suspend=n,address=127.0.0.1:56013
Begin MonoManager ReloadAssembly
Registering precompiled unity dll's ...
Register platform support module: /Applications/Unity/Unity.app/Contents/PlaybackEngines/MacStandaloneSupport/UnityEditor.OSXStandalone.Extensions.dll
Registered in 0.001919 seconds.
Native extension for OSXStandalone target not found
Refreshing native plugins compatible for Editor in 75.38 ms, found 5 plugins.
Preloading 0 native plugins for Editor in 0.00 ms.
Mono: successfully reloaded assembly
- Completed reload, in  1.938 seconds
Domain Reload Profiling:
	ReloadAssembly (1938ms)
		BeginReloadAssembly (72ms)
			ExecutionOrderSort (0ms)
			DisableScriptedObjects (0ms)
			BackupInstance (0ms)
			ReleaseScriptingObjects (0ms)
			CreateAndSetChildDomain (2ms)
		EndReloadAssembly (967ms)
			LoadAssemblies (70ms)
			RebuildTransferFunctionScriptingTraits (0ms)
			SetupTypeCache (180ms)
			ReleaseScriptCaches (0ms)
			RebuildScriptCaches (40ms)
			SetupLoadedEditorAssemblies (489ms)
				LogAssemblyErrors (0ms)
				InitializePlatformSupportModulesInManaged (10ms)
				SetLoadedEditorAssemblies (0ms)
				RefreshPlugins (75ms)
				BeforeProcessingInitializeOnLoad (19ms)
				ProcessInitializeOnLoadAttributes (290ms)
				ProcessInitializeOnLoadMethodAttributes (94ms)
				AfterProcessingInitializeOnLoad (0ms)
				EditorAssembliesLoaded (1ms)
			ExecutionOrderSort2 (0ms)
			AwakeInstancesAfterBackupRestoration (0ms)
Platform modules already initialized, skipping
Registering precompiled user dll's ...
Registered in 0.006596 seconds.
Begin MonoManager ReloadAssembly
Native extension for OSXStandalone target not found
Refreshing native plugins compatible for Editor in 74.12 ms, found 5 plugins.
Preloading 0 native plugins for Editor in 0.00 ms.
Mono: successfully reloaded assembly
- Completed reload, in  2.498 seconds
Domain Reload Profiling:
	ReloadAssembly (2500ms)
		BeginReloadAssembly (250ms)
			ExecutionOrderSort (0ms)
			DisableScriptedObjects (38ms)
			BackupInstance (0ms)
			ReleaseScriptingObjects (0ms)
			CreateAndSetChildDomain (40ms)
		EndReloadAssembly (2145ms)
			LoadAssemblies (196ms)
			RebuildTransferFunctionScriptingTraits (0ms)
			SetupTypeCache (404ms)
			ReleaseScriptCaches (1ms)
			RebuildScriptCaches (88ms)
			SetupLoadedEditorAssemblies (1145ms)
				LogAssemblyErrors (0ms)
				InitializePlatformSupportModulesInManaged (12ms)
				SetLoadedEditorAssemblies (0ms)
				RefreshPlugins (74ms)
				BeforeProcessingInitializeOnLoad (132ms)
				ProcessInitializeOnLoadAttributes (874ms)
				ProcessInitializeOnLoadMethodAttributes (51ms)
				AfterProcessingInitializeOnLoad (1ms)
				EditorAssembliesLoaded (0ms)
			ExecutionOrderSort2 (0ms)
			AwakeInstancesAfterBackupRestoration (31ms)
Platform modules already initialized, skipping
Validating Project structure ... 0.072779 seconds.
Shader import version has changed; will reimport all shaders...
Upgrading shader files ...0.052391 seconds.
Application.AssetDatabase Initial Script Refresh Start
RefreshInfo: InitialScriptRefreshV2(NoUpdateAssetOptions) scanfilter:  ... 1 filters
RefreshProfiler: Total: 0.000ms
Application.AssetDatabase Initial Script Refresh End
Application.AssetDatabase.Refresh Start
Application.AssetDatabase.Refresh End
RefreshInfo: StopAssetImportingV2(ForceSynchronousImport) scanfilter: 
RefreshProfiler: Total: 0.000ms
Shader 'MoreMountains/MMRipple': fallback shader 'Particle/AlphaBlended' not found
Launching external process: /Applications/Unity/Unity.app/Contents/Tools/UnityShaderCompiler
Launched and connected shader compiler UnityShaderCompiler after 0.03 seconds
Initializing Unity extensions:
========================================================================
Worker process is ready to serve import requests
Shader 'MoreMountains/MMRipple': fallback shader 'Particle/AlphaBlended' not found
Refreshing native plugins compatible for Editor in 0.79 ms, found 5 plugins.
Preloading 0 native plugins for Editor in 0.00 ms.
Unloading 3500 Unused Serialized files (Serialized files now loaded: 0)
System memory in use before: 337.9 MB.
System memory in use after: 335.2 MB.

Unloading 729 unused Assets to reduce memory usage. Loaded Objects now: 3951.
Total: 3.820416 ms (FindLiveObjects: 0.320875 ms CreateObjectMapping: 0.095708 ms MarkObjects: 2.382709 ms  DeleteObjects: 1.020250 ms)

AssetImportParameters requested are different than current active one (requested -> active):
  custom:video-decoder-ogg-theora: a1e56fd34408186e4bbccfd4996cb3dc -> 
  custom:container-muxer-webm: aa71ff27fc2769a1b78a27578f13a17b -> 
  custom:container-demuxer-webm: 4f35f7cbe854078d1ac9338744f61a02 -> 
  custom:container-demuxer-ogg: 62fdf1f143b41e24485cea50d1cbac27 -> 
  custom:video-encoder-webm-vp8: eb34c28f22e8b96e1ab97ce403110664 -> 
  custom:framework-osx-AVFoundation: e770b220cccbd017edd2c1fefb359320 -> 
  custom:video-decoder-webm-vp8: 9c59270c3fd7afecdb556c50c9e8de78 -> 
  custom:audio-decoder-ogg-vorbis: bf7c407c2cedff20999df2af8eb42d56 -> 
  custom:audio-encoder-webm-vorbis: bf7c407c2cedff20999df2af8eb42d56 -> 
========================================================================
Received Import Request.
  path: Assets/Game/Prefabs/Weapons/BbtGun.prefab
  artifactKey: Guid(5b694d484e6afec428c9aa604cfc8a26) Importer(815301076,1909f56bfc062723c751e8b465ee728b)
Start importing Assets/Game/Prefabs/Weapons/BbtGun.prefab using Guid(5b694d484e6afec428c9aa604cfc8a26) Importer(815301076,1909f56bfc062723c751e8b465ee728b)  -> (artifact id: '5e02379f26c01414c1595b22c36c3ba1') in 0.658561 seconds 
  Import took 0.664128 seconds .

========================================================================
Received Import Request.
  Time since last request: 0.003732 seconds.
  path: Assets/Game/Prefabs/Items/WaterBottle.asset
  artifactKey: Guid(0884a88f549a7c84d8293f3c18985315) Importer(815301076,1909f56bfc062723c751e8b465ee728b)
Start importing Assets/Game/Prefabs/Items/WaterBottle.asset using Guid(0884a88f549a7c84d8293f3c18985315) Importer(815301076,1909f56bfc062723c751e8b465ee728b)  -> (artifact id: 'b32b2144154c9c7c758836cb0de599d7') in 0.260784 seconds 
  Import took 0.265670 seconds .

========================================================================
Received Import Request.
  Time since last request: 0.002187 seconds.
  path: Assets/Game/Prefabs/Items/JemJar.prefab
  artifactKey: Guid(5a883832ea6d6ed459605afa9f84d076) Importer(815301076,1909f56bfc062723c751e8b465ee728b)
Start importing Assets/Game/Prefabs/Items/JemJar.prefab using Guid(5a883832ea6d6ed459605afa9f84d076) Importer(815301076,1909f56bfc062723c751e8b465ee728b)  -> (artifact id: '1be61352507558ae2ac8ed9bd1130640') in 0.027084 seconds 
  Import took 0.032132 seconds .

========================================================================
Received Import Request.
  Time since last request: 0.000302 seconds.
  path: Assets/Game/Prefabs/Weapons/BbtGunBullet.prefab
  artifactKey: Guid(f8104638c00d77241b96eb9e8d838844) Importer(815301076,1909f56bfc062723c751e8b465ee728b)
Start importing Assets/Game/Prefabs/Weapons/BbtGunBullet.prefab using Guid(f8104638c00d77241b96eb9e8d838844) Importer(815301076,1909f56bfc062723c751e8b465ee728b)  -> (artifact id: '3896e11d6985fee8bf517f2fc0b6fa7d') in 0.012850 seconds 
  Import took 0.017231 seconds .

========================================================================
Received Import Request.
  Time since last request: 0.000247 seconds.
  path: Assets/Game/Prefabs/Weapons/KoalaGun.prefab
  artifactKey: Guid(cd921a8c5e4560542b379883d4e9309c) Importer(815301076,1909f56bfc062723c751e8b465ee728b)
Start importing Assets/Game/Prefabs/Weapons/KoalaGun.prefab using Guid(cd921a8c5e4560542b379883d4e9309c) Importer(815301076,1909f56bfc062723c751e8b465ee728b)  -> (artifact id: '0f8a1c342769fa6f79a286b334bbb768') in 0.015869 seconds 
  Import took 0.020626 seconds .

========================================================================
Received Import Request.
  Time since last request: 0.000344 seconds.
  path: Assets/Game/Prefabs/Weapons/KoalaGunBullet.prefab
  artifactKey: Guid(f82ce9968ea98b842abc21d60f6b884c) Importer(815301076,1909f56bfc062723c751e8b465ee728b)
Start importing Assets/Game/Prefabs/Weapons/KoalaGunBullet.prefab using Guid(f82ce9968ea98b842abc21d60f6b884c) Importer(815301076,1909f56bfc062723c751e8b465ee728b)  -> (artifact id: '822c2e702f91b32d246481810fff9f07') in 0.012477 seconds 
  Import took 0.016804 seconds .

========================================================================
Received Import Request.
  Time since last request: 0.000277 seconds.
  path: Assets/Game/Prefabs/Items/JemJar.asset
  artifactKey: Guid(c332f75bc96e3f549aed533d68e50712) Importer(815301076,1909f56bfc062723c751e8b465ee728b)
Start importing Assets/Game/Prefabs/Items/JemJar.asset using Guid(c332f75bc96e3f549aed533d68e50712) Importer(815301076,1909f56bfc062723c751e8b465ee728b)  -> (artifact id: '04a283954d8ce60b3a6645d77a7442b3') in 0.005005 seconds 
  Import took 0.010294 seconds .

========================================================================
Received Import Request.
  Time since last request: 0.000182 seconds.
  path: Assets/Game/Prefabs/Weapons/EnemyGunBullet.prefab
  artifactKey: Guid(ffb6cf05a5d29204c80ae45ead122ec3) Importer(815301076,1909f56bfc062723c751e8b465ee728b)
Start importing Assets/Game/Prefabs/Weapons/EnemyGunBullet.prefab using Guid(ffb6cf05a5d29204c80ae45ead122ec3) Importer(815301076,1909f56bfc062723c751e8b465ee728b)  -> (artifact id: '2e788f71299ad442370d66db3506dd51') in 0.012398 seconds 
  Import took 0.017467 seconds .

========================================================================
Received Import Request.
  Time since last request: 0.000231 seconds.
  path: Assets/Game/Prefabs/Weapons/EnemyGun.prefab
  artifactKey: Guid(713f45be8e17e78469e4350f43880701) Importer(815301076,1909f56bfc062723c751e8b465ee728b)
Start importing Assets/Game/Prefabs/Weapons/EnemyGun.prefab using Guid(713f45be8e17e78469e4350f43880701) Importer(815301076,1909f56bfc062723c751e8b465ee728b)  -> (artifact id: '8bc3464ed203b39999f1d3d5bc7583e5') in 0.014991 seconds 
  Import took 0.020558 seconds .

========================================================================
Received Import Request.
  Time since last request: 0.000301 seconds.
  path: Assets/Game/Prefabs/Items/WaterBottle.prefab
  artifactKey: Guid(5a1b3d876cd9d324bbddde960e2fa158) Importer(815301076,1909f56bfc062723c751e8b465ee728b)
Start importing Assets/Game/Prefabs/Items/WaterBottle.prefab using Guid(5a1b3d876cd9d324bbddde960e2fa158) Importer(815301076,1909f56bfc062723c751e8b465ee728b)  -> (artifact id: 'bb6a8c3652112a22ec3e2b2e88fea44c') in 0.011035 seconds 
  Import took 0.016006 seconds .

========================================================================
Received Import Request.
  Time since last request: 15.602500 seconds.
  path: Assets/Game/Prefabs/Weapons/BbtGun.prefab
  artifactKey: Guid(5b694d484e6afec428c9aa604cfc8a26) Importer(815301076,1909f56bfc062723c751e8b465ee728b)
Start importing Assets/Game/Prefabs/Weapons/BbtGun.prefab using Guid(5b694d484e6afec428c9aa604cfc8a26) Importer(815301076,1909f56bfc062723c751e8b465ee728b)  -> (artifact id: '041f4675e736c47aa6f3b7d9c6b52f58') in 0.036809 seconds 
  Import took 0.042709 seconds .

========================================================================
Received Import Request.
  Time since last request: 41.379594 seconds.
  path: Assets/Game/Prefabs/Weapons/BbtGun.prefab
  artifactKey: Guid(5b694d484e6afec428c9aa604cfc8a26) Importer(815301076,1909f56bfc062723c751e8b465ee728b)
Start importing Assets/Game/Prefabs/Weapons/BbtGun.prefab using Guid(5b694d484e6afec428c9aa604cfc8a26) Importer(815301076,1909f56bfc062723c751e8b465ee728b)  -> (artifact id: '03988e1310888fadb5028463dff214bb') in 0.026091 seconds 
  Import took 0.034835 seconds .

========================================================================
Received Import Request.
  Time since last request: 47.401852 seconds.
  path: Assets/Game/Prefabs/Weapons/BbtGunBullet.prefab
  artifactKey: Guid(f8104638c00d77241b96eb9e8d838844) Importer(815301076,1909f56bfc062723c751e8b465ee728b)
Start importing Assets/Game/Prefabs/Weapons/BbtGunBullet.prefab using Guid(f8104638c00d77241b96eb9e8d838844) Importer(815301076,1909f56bfc062723c751e8b465ee728b)  -> (artifact id: '01c7584e4352fb746c46894c5376b9b7') in 0.037655 seconds 
  Import took 0.057951 seconds .

========================================================================
Received Import Request.
  Time since last request: 17.808552 seconds.
  path: Assets/Game/Prefabs/sp_playerprofile.png
  artifactKey: Guid(6b348fabaae973148a72af429da84b77) Importer(815301076,1909f56bfc062723c751e8b465ee728b)
Start importing Assets/Game/Prefabs/sp_playerprofile.png using Guid(6b348fabaae973148a72af429da84b77) Importer(815301076,1909f56bfc062723c751e8b465ee728b)  -> (artifact id: '10ab3165bca1c7281512b5c4709405f2') in 0.390632 seconds 
  Import took 0.396492 seconds .

========================================================================
Received Import Request.
  Time since last request: 0.004379 seconds.
  path: Assets/Game/Prefabs/Square.png
  artifactKey: Guid(2c1dd52482f2dba42b9a0cd1c5bb3b6a) Importer(815301076,1909f56bfc062723c751e8b465ee728b)
Start importing Assets/Game/Prefabs/Square.png using Guid(2c1dd52482f2dba42b9a0cd1c5bb3b6a) Importer(815301076,1909f56bfc062723c751e8b465ee728b)  -> (artifact id: '42053fad09a4697b238fc162d130ca21') in 0.069188 seconds 
  Import took 0.074679 seconds .

========================================================================
Received Import Request.
  Time since last request: 115.767555 seconds.
  path: Assets/Game/Prefabs/Enemies/Customer.prefab
  artifactKey: Guid(6208c6ee1642b1d4b92a99ab0f2b1992) Importer(815301076,1909f56bfc062723c751e8b465ee728b)
Start importing Assets/Game/Prefabs/Enemies/Customer.prefab using Guid(6208c6ee1642b1d4b92a99ab0f2b1992) Importer(815301076,1909f56bfc062723c751e8b465ee728b)  -> (artifact id: '4edaca82d3bd95662b11cd1abd20ad9b') in 0.052484 seconds 
  Import took 0.076013 seconds .

========================================================================
Received Import Request.
  Time since last request: 0.000282 seconds.
  path: Assets/Game/Prefabs/Enemies/NormalEnemy 1.prefab
  artifactKey: Guid(ef6b9996249f600429b37f6f8dd07de7) Importer(815301076,1909f56bfc062723c751e8b465ee728b)
Start importing Assets/Game/Prefabs/Enemies/NormalEnemy 1.prefab using Guid(ef6b9996249f600429b37f6f8dd07de7) Importer(815301076,1909f56bfc062723c751e8b465ee728b)  -> (artifact id: '94aaafec13ccc220ba320f43770f3324') in 0.039977 seconds 
  Import took 0.046047 seconds .

========================================================================
Received Import Request.
  Time since last request: 0.000270 seconds.
  path: Assets/Game/Prefabs/Enemies/InstantKillEnemy.prefab
  artifactKey: Guid(eee5d0f06890b8a41bb80a9e9a37a4d6) Importer(815301076,1909f56bfc062723c751e8b465ee728b)
Start importing Assets/Game/Prefabs/Enemies/InstantKillEnemy.prefab using Guid(eee5d0f06890b8a41bb80a9e9a37a4d6) Importer(815301076,1909f56bfc062723c751e8b465ee728b)  -> (artifact id: '833205f3ac5acf8059947ebc7d245e09') in 0.011625 seconds 
  Import took 0.015714 seconds .

========================================================================
Received Import Request.
  Time since last request: 0.000246 seconds.
  path: Assets/Game/Prefabs/Enemies/NormalEnemy.prefab
  artifactKey: Guid(650b551f3dbcd864496f02299696451d) Importer(815301076,1909f56bfc062723c751e8b465ee728b)
Start importing Assets/Game/Prefabs/Enemies/NormalEnemy.prefab using Guid(650b551f3dbcd864496f02299696451d) Importer(815301076,1909f56bfc062723c751e8b465ee728b)  -> (artifact id: '70726ea55ecf3e07f7825bbe0573c82a') in 0.017716 seconds 
  Import took 0.023076 seconds .

========================================================================
Received Import Request.
  Time since last request: 8.459849 seconds.
  path: Assets/Game/Prefabs/Heroes/FrictionlessMaterial.physicsMaterial2D
  artifactKey: Guid(b1e4a68037a13034981488d6710443dc) Importer(815301076,1909f56bfc062723c751e8b465ee728b)
Start importing Assets/Game/Prefabs/Heroes/FrictionlessMaterial.physicsMaterial2D using Guid(b1e4a68037a13034981488d6710443dc) Importer(815301076,1909f56bfc062723c751e8b465ee728b)  -> (artifact id: '68d0568f26dd4c89e30f9aec5dff845c') in 0.140156 seconds 
  Import took 0.147349 seconds .

========================================================================
Received Import Request.
  Time since last request: 0.002253 seconds.
  path: Assets/Game/Prefabs/Heroes/MinimalCharacter2D.prefab
  artifactKey: Guid(e034c51da2c6cee458ab4f0ed1de7568) Importer(815301076,1909f56bfc062723c751e8b465ee728b)
Start importing Assets/Game/Prefabs/Heroes/MinimalCharacter2D.prefab using Guid(e034c51da2c6cee458ab4f0ed1de7568) Importer(815301076,1909f56bfc062723c751e8b465ee728b)  -> (artifact id: '6c39d454cad085dce2907abf354d2acb') in 0.037457 seconds 
  Import took 0.045377 seconds .

========================================================================
Received Import Request.
  Time since last request: 0.615716 seconds.
  path: Assets/Game/Prefabs/Weapons/EnemyGunBullet.prefab
  artifactKey: Guid(ffb6cf05a5d29204c80ae45ead122ec3) Importer(815301076,1909f56bfc062723c751e8b465ee728b)
Start importing Assets/Game/Prefabs/Weapons/EnemyGunBullet.prefab using Guid(ffb6cf05a5d29204c80ae45ead122ec3) Importer(815301076,1909f56bfc062723c751e8b465ee728b)  -> (artifact id: '2e2f155e0cacd6ab05ea62f18cac7264') in 0.021608 seconds 
  Import took 0.030251 seconds .

========================================================================
Received Prepare
Registering precompiled user dll's ...
Registered in 0.005105 seconds.
Begin MonoManager ReloadAssembly
Native extension for OSXStandalone target not found
Refreshing native plugins compatible for Editor in 1.39 ms, found 5 plugins.
Preloading 0 native plugins for Editor in 0.00 ms.
Mono: successfully reloaded assembly
- Completed reload, in  2.924 seconds
Domain Reload Profiling:
	ReloadAssembly (2928ms)
		BeginReloadAssembly (323ms)
			ExecutionOrderSort (0ms)
			DisableScriptedObjects (46ms)
			BackupInstance (0ms)
			ReleaseScriptingObjects (0ms)
			CreateAndSetChildDomain (163ms)
		EndReloadAssembly (2497ms)
			LoadAssemblies (217ms)
			RebuildTransferFunctionScriptingTraits (0ms)
			SetupTypeCache (453ms)
			ReleaseScriptCaches (1ms)
			RebuildScriptCaches (73ms)
			SetupLoadedEditorAssemblies (1334ms)
				LogAssemblyErrors (0ms)
				InitializePlatformSupportModulesInManaged (19ms)
				SetLoadedEditorAssemblies (2ms)
				RefreshPlugins (1ms)
				BeforeProcessingInitializeOnLoad (204ms)
				ProcessInitializeOnLoadAttributes (1061ms)
				ProcessInitializeOnLoadMethodAttributes (45ms)
				AfterProcessingInitializeOnLoad (1ms)
				EditorAssembliesLoaded (0ms)
			ExecutionOrderSort2 (0ms)
			AwakeInstancesAfterBackupRestoration (40ms)
Platform modules already initialized, skipping
Shader 'MoreMountains/MMRipple': fallback shader 'Particle/AlphaBlended' not found
Refreshing native plugins compatible for Editor in 1.00 ms, found 5 plugins.
Preloading 0 native plugins for Editor in 0.00 ms.
Unloading 3416 Unused Serialized files (Serialized files now loaded: 0)
System memory in use before: 344.2 MB.
System memory in use after: 344.2 MB.

Unloading 31 unused Assets to reduce memory usage. Loaded Objects now: 3975.
Total: 3.497667 ms (FindLiveObjects: 0.349125 ms CreateObjectMapping: 0.103208 ms MarkObjects: 2.862916 ms  DeleteObjects: 0.181000 ms)

AssetImportParameters requested are different than current active one (requested -> active):
  custom:video-decoder-ogg-theora: a1e56fd34408186e4bbccfd4996cb3dc -> 
  custom:container-muxer-webm: aa71ff27fc2769a1b78a27578f13a17b -> 
  custom:container-demuxer-webm: 4f35f7cbe854078d1ac9338744f61a02 -> 
  custom:container-demuxer-ogg: 62fdf1f143b41e24485cea50d1cbac27 -> 
  custom:video-encoder-webm-vp8: eb34c28f22e8b96e1ab97ce403110664 -> 
  custom:framework-osx-AVFoundation: e770b220cccbd017edd2c1fefb359320 -> 
  custom:video-decoder-webm-vp8: 9c59270c3fd7afecdb556c50c9e8de78 -> 
  custom:audio-decoder-ogg-vorbis: bf7c407c2cedff20999df2af8eb42d56 -> 
  custom:audio-encoder-webm-vorbis: bf7c407c2cedff20999df2af8eb42d56 -> 
========================================================================
Received Import Request.
  Time since last request: 51.320736 seconds.
  path: Assets/Game/Prefabs/Weapons/BbtGunBullet.prefab
  artifactKey: Guid(f8104638c00d77241b96eb9e8d838844) Importer(815301076,1909f56bfc062723c751e8b465ee728b)
Start importing Assets/Game/Prefabs/Weapons/BbtGunBullet.prefab using Guid(f8104638c00d77241b96eb9e8d838844) Importer(815301076,1909f56bfc062723c751e8b465ee728b)  -> (artifact id: '7fd3ee8c181502044b395dc7d791dccb') in 0.188695 seconds 
  Import took 0.197022 seconds .

========================================================================
Received Import Request.
  Time since last request: 1.797525 seconds.
  path: Assets/Game/Prefabs/Weapons/BbtGunBullet.prefab
  artifactKey: Guid(f8104638c00d77241b96eb9e8d838844) Importer(815301076,1909f56bfc062723c751e8b465ee728b)
Start importing Assets/Game/Prefabs/Weapons/BbtGunBullet.prefab using Guid(f8104638c00d77241b96eb9e8d838844) Importer(815301076,1909f56bfc062723c751e8b465ee728b)  -> (artifact id: 'a43c56afd6d754e18665f7835726efd3') in 0.017324 seconds 
  Import took 0.023561 seconds .

========================================================================
Received Prepare
Registering precompiled user dll's ...
Registered in 0.007794 seconds.
Begin MonoManager ReloadAssembly
Native extension for OSXStandalone target not found
Refreshing native plugins compatible for Editor in 1.06 ms, found 5 plugins.
Preloading 0 native plugins for Editor in 0.00 ms.
Mono: successfully reloaded assembly
- Completed reload, in  2.662 seconds
Domain Reload Profiling:
	ReloadAssembly (2663ms)
		BeginReloadAssembly (237ms)
			ExecutionOrderSort (0ms)
			DisableScriptedObjects (31ms)
			BackupInstance (0ms)
			ReleaseScriptingObjects (0ms)
			CreateAndSetChildDomain (96ms)
		EndReloadAssembly (2327ms)
			LoadAssemblies (188ms)
			RebuildTransferFunctionScriptingTraits (0ms)
			SetupTypeCache (409ms)
			ReleaseScriptCaches (1ms)
			RebuildScriptCaches (73ms)
			SetupLoadedEditorAssemblies (1233ms)
				LogAssemblyErrors (0ms)
				InitializePlatformSupportModulesInManaged (17ms)
				SetLoadedEditorAssemblies (2ms)
				RefreshPlugins (1ms)
				BeforeProcessingInitializeOnLoad (199ms)
				ProcessInitializeOnLoadAttributes (962ms)
				ProcessInitializeOnLoadMethodAttributes (51ms)
				AfterProcessingInitializeOnLoad (1ms)
				EditorAssembliesLoaded (0ms)
			ExecutionOrderSort2 (0ms)
			AwakeInstancesAfterBackupRestoration (64ms)
Platform modules already initialized, skipping
Shader 'MoreMountains/MMRipple': fallback shader 'Particle/AlphaBlended' not found
Refreshing native plugins compatible for Editor in 0.94 ms, found 5 plugins.
Preloading 0 native plugins for Editor in 0.00 ms.
Unloading 3416 Unused Serialized files (Serialized files now loaded: 0)
System memory in use before: 345.2 MB.
System memory in use after: 345.3 MB.

Unloading 30 unused Assets to reduce memory usage. Loaded Objects now: 3989.
Total: 2.952041 ms (FindLiveObjects: 0.316084 ms CreateObjectMapping: 0.085500 ms MarkObjects: 2.414541 ms  DeleteObjects: 0.135334 ms)

AssetImportParameters requested are different than current active one (requested -> active):
  custom:video-decoder-ogg-theora: a1e56fd34408186e4bbccfd4996cb3dc -> 
  custom:container-muxer-webm: aa71ff27fc2769a1b78a27578f13a17b -> 
  custom:container-demuxer-webm: 4f35f7cbe854078d1ac9338744f61a02 -> 
  custom:container-demuxer-ogg: 62fdf1f143b41e24485cea50d1cbac27 -> 
  custom:video-encoder-webm-vp8: eb34c28f22e8b96e1ab97ce403110664 -> 
  custom:framework-osx-AVFoundation: e770b220cccbd017edd2c1fefb359320 -> 
  custom:video-decoder-webm-vp8: 9c59270c3fd7afecdb556c50c9e8de78 -> 
  custom:audio-decoder-ogg-vorbis: bf7c407c2cedff20999df2af8eb42d56 -> 
  custom:audio-encoder-webm-vorbis: bf7c407c2cedff20999df2af8eb42d56 -> 
